make all --print-data-base --no-builtin-variables --no-builtin-rules --question
# GNU Make 4.2.1
# Built for x86_64-pc-linux-gnu
# Copyright (C) 1988-2016 Free Software Foundation, Inc.
# License GPLv3+: GNU GPL version 3 or later <http://gnu.org/licenses/gpl.html>
# This is free software: you are free to change and redistribute it.
# There is NO WARRANTY, to the extent permitted by law.

# Make data base, printed on Sat Aug 27 08:16:12 2022

# Variables

# 'override' directive
GNUMAKEFLAGS := 
# automatic
<D = $(patsubst %/,%,$(dir $<))
# automatic
?F = $(notdir $?)
# environment
PAPERSIZE = a4
# environment
DESKTOP_SESSION = ubuntu
# default
.SHELLFLAGS := -c
# environment
XDG_SESSION_CLASS = user
# environment
XDG_SESSION_TYPE = x11
# automatic
?D = $(patsubst %/,%,$(dir $?))
# automatic
@D = $(patsubst %/,%,$(dir $@))
# environment
XAUTHORITY = /run/user/1000/gdm/Xauthority
# environment
GDMSESSION = ubuntu
# environment
XMODIFIERS = @im=ibus
# makefile
CURDIR := /home/leo/workspace/ssd20x/project
# makefile
SHELL = /bin/sh
# environment
VSCODE_NLS_CONFIG = {"locale":"zh-cn","availableLanguages":{"*":"zh-cn"},"_languagePackId":"cc0490d1397af23dc5bf44a96fe15dbb.zh-cn","_translationsConfigFile":"/home/leo/.config/Code/clp/cc0490d1397af23dc5bf44a96fe15dbb.zh-cn/tcf.json","_cacheRoot":"/home/leo/.config/Code/clp/cc0490d1397af23dc5bf44a96fe15dbb.zh-cn","_resolvedLanguagePackCoreLocation":"/home/leo/.config/Code/clp/cc0490d1397af23dc5bf44a96fe15dbb.zh-cn/6d9b74a70ca9c7733b29f0456fd8195364076dda","_corruptedFile":"/home/leo/.config/Code/clp/cc0490d1397af23dc5bf44a96fe15dbb.zh-cn/corrupted.info","_languagePackSupport":true}
# environment
_ = /usr/bin/make
# environment
JOURNAL_STREAM = 9:57807
# environment
XDG_CONFIG_DIRS = /etc/xdg/xdg-ubuntu:/etc/xdg
# makefile (from 'Makefile', line 1)
MAKEFILE_LIST :=  Makefile
# automatic
@F = $(notdir $@)
# environment
IM_CONFIG_PHASE = 1
# environment
USERNAME = leo
# environment
MAKELEVEL := 0
# environment
XDG_DATA_DIRS = /usr/share/ubuntu:/usr/local/share/:/usr/share/:/var/lib/snapd/desktop
# environment
DBUS_SESSION_BUS_ADDRESS = unix:path=/run/user/1000/bus,guid=4bdf88a58994ff57b12e796163095f99
# environment
MANAGERPID = 1767
# environment
LESSOPEN = | /usr/bin/lesspipe %s
# environment
LC_NAME = zh_CN.UTF-8
# environment
VSCODE_CWD = /home/leo
# default
MAKE_HOST := x86_64-pc-linux-gnu
# environment
PATH = /home/leo/workspace/ssd20x/toolchain/gcc-arm-8.2-2018.08-x86_64-arm-linux-gnueabihf/bin:/home/leo/workspace/ssd20x/toolchain/gcc-arm-8.2-2018.08-x86_64-arm-linux-gnueabihf/bin:/usr/local/sbin:/usr/local/bin:/usr/sbin:/usr/bin:/sbin:/bin:/usr/games:/usr/local/games:/snap/bin
# environment
GPG_AGENT_INFO = /run/user/1000/gnupg/S.gpg-agent:0:1
# environment
SESSION_MANAGER = local/leo:@/tmp/.ICE-unix/1975,unix/leo:/tmp/.ICE-unix/1975
# environment
XDG_RUNTIME_DIR = /run/user/1000
# environment
XDG_MENU_PREFIX = gnome-
# environment
ELECTRON_RUN_AS_NODE = 1
# environment
INVOCATION_ID = a9e65b3f95d44a37a5a255aab21f63b9
# default
.FEATURES := target-specific order-only second-expansion else-if shortest-stem undefine oneshell archives jobserver output-sync check-symlink load
# environment
LS_COLORS = 
# environment
XDG_SESSION_DESKTOP = ubuntu
# environment
SSH_AUTH_SOCK = /run/user/1000/keyring/ssh
# environment
GIO_LAUNCHED_DESKTOP_FILE_PID = 6367
# automatic
%F = $(notdir $%)
# environment
DISPLAY = :0
# environment
PWD = /home/leo/workspace/ssd20x/project
# default
.LOADED := 
# environment
SSH_AGENT_PID = 1940
# environment
ORIGINAL_XDG_CURRENT_DESKTOP = ubuntu:GNOME
# environment
GTK_MODULES = gail:atk-bridge
# environment
VSCODE_AMD_ENTRYPOINT = vs/workbench/api/node/extensionHostProcess
# environment
HOME = /home/leo
# environment
LESSCLOSE = /usr/bin/lesspipe %s %s
# environment
VSCODE_CODE_CACHE_PATH = /home/leo/.config/Code/CachedData/6d9b74a70ca9c7733b29f0456fd8195364076dda
# environment
LOGNAME = leo
# environment
APPLICATION_INSIGHTS_NO_DIAGNOSTIC_CHANNEL = true
# automatic
+F = $(notdir $+)
# environment
VSCODE_HANDLES_UNCAUGHT_ERRORS = true
# environment
GNOME_DESKTOP_SESSION_ID = this-is-deprecated
# automatic
^D = $(patsubst %/,%,$(dir $^))
# environment
LC_TIME = zh_CN.UTF-8
# default
MAKE = $(MAKE_COMMAND)
# default
MAKECMDGOALS := all
# environment
QT_IM_MODULE = ibus
# environment
SHLVL = 0
# environment
GNOME_SHELL_SESSION_MODE = ubuntu
# default
MAKE_VERSION := 4.2.1
# environment
USER = leo
# environment
LC_MONETARY = zh_CN.UTF-8
# makefile
.DEFAULT_GOAL := all
# environment
XDG_CURRENT_DESKTOP = Unity
# automatic
%D = $(patsubst %/,%,$(dir $%))
# environment
LC_TELEPHONE = zh_CN.UTF-8
# default
MAKE_COMMAND := make
# default
.VARIABLES := 
# automatic
*F = $(notdir $*)
# environment
LANGUAGE = zh_CN:en
# environment
VSCODE_IPC_HOOK = /run/user/1000/vscode-23da11d0-1.70.1-main.sock
# makefile
MAKEFLAGS = pqrR
# environment
MFLAGS = -pqrR
# automatic
*D = $(patsubst %/,%,$(dir $*))
# automatic
+D = $(patsubst %/,%,$(dir $+))
# environment
GDK_BACKEND = x11
# environment
LC_PAPER = zh_CN.UTF-8
# environment
QT_ACCESSIBILITY = 1
# default
MAKEFILES := 
# environment
LC_NUMERIC = zh_CN.UTF-8
# automatic
<F = $(notdir $<)
# environment
LC_MEASUREMENT = zh_CN.UTF-8
# environment
LC_ALL = C
# environment
DBUS_STARTER_BUS_TYPE = session
# automatic
^F = $(notdir $^)
# default
SUFFIXES := 
# environment
CHROME_DESKTOP = code-url-handler.desktop
# environment
WINDOWPATH = 2
# default
.INCLUDE_DIRS = /usr/include /usr/local/include /usr/include
# environment
LC_IDENTIFICATION = zh_CN.UTF-8
# default
.RECIPEPREFIX := 
# environment
LC_ADDRESS = zh_CN.UTF-8
# environment
GIO_LAUNCHED_DESKTOP_FILE = /usr/share/applications/code.desktop
# environment
LANG = C
# environment
VSCODE_PID = 6367
# environment
DBUS_STARTER_ADDRESS = unix:path=/run/user/1000/bus,guid=4bdf88a58994ff57b12e796163095f99
# variable set hash-table stats:
# Load=103/1024=10%, Rehash=0, Collisions=15/131=11%

# Pattern-specific Variable Values

# No pattern-specific variable values.

# Directories

# . (device 2049, inode 6035414): 12 files, no impossibilities.

# 12 files, no impossibilities in 1 directories.

# Implicit Rules

# No implicit rules.

# Files

all:
#  Command line target.
#  Implicit rule search has not been done.
#  Implicit/static pattern stem: ''
#  File does not exist.
#  File has been updated.
#  Needs to be updated (-q is set).
# automatic
# @ := all
# automatic
# % := 
# automatic
# * := 
# automatic
# + := 
# automatic
# | := 
# automatic
# < := 
# automatic
# ^ := 
# automatic
# ? := 
# variable set hash-table stats:
# Load=8/32=25%, Rehash=0, Collisions=1/11=9%
#  recipe to execute (from 'Makefile', line 2):
	cd build ; cmake .;make
	cp build/SAT_SSD20X.BIN ./
	tar -cvf SAT_SSD20XOS SAT_SSD20X.BIN
	rm -rf SAT_SSD20X.BIN

# Not a target:
.SUFFIXES:
#  Implicit rule search has not been done.
#  Modification time never checked.
#  File has not been updated.

# Not a target:
Makefile:
#  Implicit rule search has been done.
#  Last modified 2022-08-05 12:02:38
#  File has been updated.
 
#  Successfully updated.

kernel:
#  Implicit rule search has not been done.
#  Modification time never checked.
#  File has not been updated.
#  recipe to execute (from 'Makefile', line 16):
	cd build ; cmake .;make
	cp build/SAT_SSD20X.BIN ./
	cp res/rom.bin  ./ 
	cp ../doc/sat_leo.ttf ./
	cp res/rings ./ -r
	cp res/wallpaper ./ -r
	cp upgrade/platform ./ -r
	tar -cvf SAT_SSD20XOS SAT_SSD20X.BIN rom.bin sat_leo.ttf rings wallpaper platform
	rm -rf SAT_SSD20X.BIN rom.bin rings sat_leo.ttf wallpaper platform

# Not a target:
.DEFAULT:
#  Implicit rule search has not been done.
#  Modification time never checked.
#  File has not been updated.

ui:
#  Implicit rule search has not been done.
#  Modification time never checked.
#  File has not been updated.
#  recipe to execute (from 'Makefile', line 7):
	cd build ; cmake .;make
	cp build/SAT_SSD20X.BIN ./
	cp res/rom.bin  ./ 
	cp ../doc/sat_leo.ttf ./
	cp res/rings ./ -r
	cp res/wallpaper ./ -r
	tar -cvf SAT_SSD20XOS SAT_SSD20X.BIN rom.bin sat_leo.ttf rings wallpaper
	rm -rf SAT_SSD20X.BIN rom.bin rings sat_leo.ttf wallpaper

clean:
#  Implicit rule search has not been done.
#  Modification time never checked.
#  File has not been updated.
#  recipe to execute (from 'Makefile', line 26):
	mv ./build/CMakeLists.txt ./
	rm build/* -rf
	mv CMakeLists.txt ./build/

# files hash-table stats:
# Load=7/1024=1%, Rehash=0, Collisions=0/19=0%
# VPATH Search Paths

# No 'vpath' search paths.

# No general ('VPATH' variable) search path.

# strcache buffers: 1 (0) / strings = 20 / storage = 170 B / avg = 8 B
# current buf: size = 8162 B / used = 170 B / count = 20 / avg = 8 B

# strcache performance: lookups = 30 / hit rate = 33%
# hash-table stats:
# Load=20/8192=0%, Rehash=0, Collisions=1/30=3%
# Finished Make data base on Sat Aug 27 08:16:12 2022

 
